<?xml version="1.0" encoding="UTF-8"?>
<testng-results skipped="0" failed="0" ignored="0" total="0" passed="0">
  <reporter-output>
  </reporter-output>
  <suite name="com.emaxlandmarkdigital.mobiletests.utilities.RunnerTest" duration-ms="322" started-at="2022-02-08T22:19:07 IST" finished-at="2022-02-08T22:19:07 IST">
    <groups>
      <group name="cucumber">
        <method signature="AbstractTestNGCucumberTests.runScenario(io.cucumber.testng.PickleEventWrapper, io.cucumber.testng.CucumberFeatureWrapper)[pri:0, instance:com.emaxlandmarkdigital.mobiletests.utilities.RunnerTest@52a86356]" name="runScenario" class="io.cucumber.testng.AbstractTestNGCucumberTests"/>
      </group> <!-- cucumber -->
    </groups>
    <test name="Command line test" duration-ms="322" started-at="2022-02-08T22:19:07 IST" finished-at="2022-02-08T22:19:07 IST">
      <class name="com.emaxlandmarkdigital.mobiletests.utilities.RunnerTest">
        <test-method status="PASS" signature="setUpClass()[pri:0, instance:com.emaxlandmarkdigital.mobiletests.utilities.RunnerTest@52a86356]" name="setUpClass" is-config="true" duration-ms="225" started-at="2022-02-08T22:19:07 IST" finished-at="2022-02-08T22:19:07 IST">
          <reporter-output>
          </reporter-output>
        </test-method> <!-- setUpClass -->
        <test-method status="PASS" signature="tearDownClass()[pri:0, instance:com.emaxlandmarkdigital.mobiletests.utilities.RunnerTest@52a86356]" name="tearDownClass" is-config="true" duration-ms="12" started-at="2022-02-08T22:19:07 IST" finished-at="2022-02-08T22:19:07 IST">
          <reporter-output>
          </reporter-output>
        </test-method> <!-- tearDownClass -->
      </class> <!-- com.emaxlandmarkdigital.mobiletests.utilities.RunnerTest -->
    </test> <!-- Command line test -->
  </suite> <!-- com.emaxlandmarkdigital.mobiletests.utilities.RunnerTest -->
</testng-results>
